<?xml version="1.0" encoding="UTF-8"?>
<!-- Generated by org.testng.reporters.JUnitReportReporter -->
<testsuite hostname="PUNITP412322L" failures="0" tests="1" name="Letskode.Uploadfile" time="3.501" errors="0" timestamp="12 Jul 2023 09:52:06 GMT">
  <testcase classname="Letskode.Uploadfile" name="f" time="3.501"/>
</testsuite> <!-- Letskode.Uploadfile -->
