<?xml version="1.0" encoding="UTF-8"?>
<!-- Generated by org.testng.reporters.JUnitReportReporter -->
<testsuite hostname="PUNITP412322L" failures="0" tests="1" name="Letskode.NewTest" time="20.263" errors="0" timestamp="4 Jun 2023 08:08:24 GMT">
  <testcase classname="Letskode.NewTest" name="testing" time="20.263"/>
</testsuite> <!-- Letskode.NewTest -->
