<?xml version="1.0" encoding="UTF-8"?>
<!-- Generated by org.testng.reporters.JUnitReportReporter -->
<testsuite hostname="PUNITP412322L" failures="0" tests="1" name="Letskode.Acceleratetask" time="7.985" errors="0" timestamp="9 Jul 2023 10:44:26 GMT">
  <testcase classname="Letskode.Acceleratetask" name="testing3" time="7.985"/>
</testsuite> <!-- Letskode.Acceleratetask -->
