<?xml version="1.0" encoding="UTF-8"?>
<!-- Generated by org.testng.reporters.JUnitReportReporter -->
<testsuite hostname="PUNITP412322L" failures="0" tests="1" name="Letskode.Uploadfile" time="4.552" errors="0" timestamp="7 Jul 2023 09:55:35 GMT">
  <testcase classname="Letskode.Uploadfile" name="f" time="4.552"/>
</testsuite> <!-- Letskode.Uploadfile -->
