<?xml version="1.0" encoding="UTF-8"?>
<!-- Generated by org.testng.reporters.JUnitReportReporter -->
<testsuite hostname="PUNITP412322L" failures="0" tests="1" name="Letskode.Pomexample" time="5.924" errors="0" timestamp="7 Jul 2023 11:20:42 GMT">
  <testcase classname="Letskode.Pomexample" name="initialize" time="5.924"/>
</testsuite> <!-- Letskode.Pomexample -->
