<?xml version="1.0" encoding="UTF-8"?>
<!-- Generated by org.testng.reporters.JUnitReportReporter -->
<testsuite hostname="PUNITP412322L" failures="0" tests="2" name="practice.Revision" time="8.336" errors="0" timestamp="29 Mar 2023 10:30:34 GMT">
  <testcase classname="practice.Revision" name="f" time="6.770"/>
  <testcase classname="practice.Revision" name="datatable" time="1.566"/>
</testsuite> <!-- practice.Revision -->
