<?xml version="1.0" encoding="UTF-8"?>
<!-- Generated by org.testng.reporters.JUnitReportReporter -->
<testsuite hostname="PUNITP412322L" failures="0" tests="1" name="Scenarios.Scenario8" time="49.094" errors="0" timestamp="3 Feb 2023 04:18:48 GMT">
  <testcase classname="Scenarios.Scenario8" name="f" time="49.094"/>
</testsuite> <!-- Scenarios.Scenario8 -->
