<?xml version="1.0" encoding="UTF-8"?>
<!-- Generated by org.testng.reporters.JUnitReportReporter -->
<testsuite hostname="PUNITP412322L" failures="0" tests="1" name="Scenarios.NewTest" time="17.863" errors="0" timestamp="1 Feb 2023 17:23:19 GMT">
  <testcase classname="Scenarios.NewTest" name="f" time="17.863"/>
</testsuite> <!-- Scenarios.NewTest -->
