<?xml version="1.0" encoding="UTF-8"?>
<!-- Generated by org.testng.reporters.JUnitReportReporter -->
<testsuite hostname="PUNITP412322L" failures="0" tests="6" name="TEstNgDemo.InEssenceTest07" time="30.730" errors="0" timestamp="23 Jan 2023 13:33:31 GMT">
  <testcase classname="TEstNgDemo.InEssenceTest07" name="loanDetails" time="5.601"/>
  <testcase classname="TEstNgDemo.InEssenceTest07" name="emiCalculator" time="6.036"/>
  <testcase classname="TEstNgDemo.InEssenceTest07" name="Test" time="1.542"/>
  <testcase classname="TEstNgDemo.InEssenceTest07" name="emiCalculator" time="6.015"/>
  <testcase classname="TEstNgDemo.InEssenceTest07" name="emiCalculator" time="5.537"/>
  <testcase classname="TEstNgDemo.InEssenceTest07" name="emiCalculator" time="5.999"/>
</testsuite> <!-- TEstNgDemo.InEssenceTest07 -->
